<?xml version="1.0" encoding="UTF-8"?>
<!-- Generated by org.testng.reporters.JUnitReportReporter -->
<testsuite hostname="NeeraV" failures="0" tests="1" name="Test.FbLoginMvnTest" time="0.592" errors="0" timestamp="2023-07-12T12:14:11 IST" skipped="0">
  <testcase classname="Test.FbLoginMvnTest" name="loginTest" time="0.592"/>
</testsuite> <!-- Test.FbLoginMvnTest -->
