<?xml version="1.0" encoding="UTF-8"?>
<!-- Generated by org.testng.reporters.JUnitReportReporter -->
<testsuite hostname="NeeraV" failures="0" tests="1" name="MvnPkg.Sample" time="32.896" errors="0" timestamp="2023-07-12T12:03:05 IST" skipped="0">
  <testcase classname="MvnPkg.Sample" name="test1" time="32.896"/>
</testsuite> <!-- MvnPkg.Sample -->
