<?xml version="1.0" encoding="UTF-8"?>
<!-- Generated by org.testng.reporters.JUnitReportReporter -->
<testsuite hostname="NeeraV" failures="0" tests="1" name="Test.VjndHmeTest" time="4.649" errors="0" timestamp="2023-07-13T12:18:17 IST" skipped="0">
  <testcase classname="Test.VjndHmeTest" name="test" time="4.649"/>
</testsuite> <!-- Test.VjndHmeTest -->
