<?xml version="1.0" encoding="UTF-8"?>
<!-- Generated by org.testng.reporters.JUnitReportReporter -->
<testsuite hostname="NeeraV" failures="0" tests="1" name="Test.FbLoginTest" time="34.969" errors="0" timestamp="2023-07-14T00:57:06 IST" skipped="0">
  <testcase classname="Test.FbLoginTest" name="verifyLoginWithValidCred" time="34.969"/>
</testsuite> <!-- Test.FbLoginTest -->
